Start testing: Mar 18 05:22 KST
----------------------------------------------------------
1/1 Testing: tv_fetch_tests
1/1 Test: tv_fetch_tests
Command: "/Users/yohoho/work/tv_fetch/build/tv_fetch_tests"
Directory: /Users/yohoho/work/tv_fetch/build
"tv_fetch_tests" start time: Mar 18 05:22 KST
Output:
----------------------------------------------------------
tv_fetch_tests passed
<end of output>
Test time =   1.09 sec
----------------------------------------------------------
Test Passed.
"tv_fetch_tests" end time: Mar 18 05:22 KST
"tv_fetch_tests" time elapsed: 00:00:01
----------------------------------------------------------

End testing: Mar 18 05:22 KST
